<?xml version="1.0" encoding="UTF-8"?>
<testsuite xmlns:xsi="http://www.w3.org/2001/XMLSchema-instance" xsi:schemaLocation="https://maven.apache.org/surefire/maven-surefire-plugin/xsd/surefire-test-report.xsd" name="fr.arolla.app.bank.AccountServiceTest" time="0.045" tests="19" errors="0" skipped="0" failures="0">
  <properties>
[...]
</properties>
  <testcase name="create_SHOULD_success_WHEN_initial_amount_is_provided" classname="fr.arolla.app.bank.AccountServiceTest" time="0.002"/>
  <testcase name="create_SHOULD_has_zeroed_balance_WHEN_initial_amount_is_not_provided" classname="fr.arolla.app.bank.AccountServiceTest" time="0.001"/>
  <testcase name="print_SHOULD_print_WHEN_operation_list_is_full" classname="fr.arolla.app.bank.AccountServiceTest" time="0.009"/>
  <testcase name="create_SHOULD_create_checking_account_WHEN_initial_amount_is_not_provided" classname="fr.arolla.app.bank.AccountServiceTest" time="0"/>
  <testcase name="create_SHOULD_has_currency_WHEN_initial_is_provided" classname="fr.arolla.app.bank.AccountServiceTest" time="0.001"/>
  <testcase name="create_SHOULD_has_empty_operations_WHEN_initial_is_provided" classname="fr.arolla.app.bank.AccountServiceTest" time="0.001"/>
  <testcase name="accept_SHOULD_has_empty_balance_and_empty_operations_WHEN_apply_withdraw_of_empty_amount" classname="fr.arolla.app.bank.AccountServiceTest" time="0"/>
  <testcase name="create_SHOULD_success_WHEN_initial_amount_is_not_provided" classname="fr.arolla.app.bank.AccountServiceTest" time="0"/>
  <testcase name="accept_SHOULD_has_10_balance_and_1_operation_WHEN_apply_deposit_of_10_amount_on_created_account_of_0" classname="fr.arolla.app.bank.AccountServiceTest" time="0.001"/>
  <testcase name="accept_SHOULD_has_empty_balance_and_empty_operations_WHEN_apply_deposit_of_empty_amount" classname="fr.arolla.app.bank.AccountServiceTest" time="0.001"/>
  <testcase name="create_SHOULD_has_currency_WHEN_initial_amount_is_not_provided" classname="fr.arolla.app.bank.AccountServiceTest" time="0"/>
  <testcase name="create_SHOULD_has_empty_operations_WHEN_initial_amount_is_not_provided" classname="fr.arolla.app.bank.AccountServiceTest" time="0"/>
  <testcase name="accept_SHOULD_throw_exception_when_funds_are_insufficient1" classname="fr.arolla.app.bank.AccountServiceTest" time="0.001"/>
  <testcase name="accept_SHOULD_throw_exception_when_funds_are_insufficient2" classname="fr.arolla.app.bank.AccountServiceTest" time="0.001"/>
  <testcase name="accept_SHOULD_throw_exception_WHEN_params_are_null" classname="fr.arolla.app.bank.AccountServiceTest" time="0.002"/>
  <testcase name="create_SHOULD_create_checking_account_WHEN_initial_amount_is_provided" classname="fr.arolla.app.bank.AccountServiceTest" time="0"/>
  <testcase name="create_SHOULD_return_account_with_bank_number_WHEN_initial_amount_is_not_provided" classname="fr.arolla.app.bank.AccountServiceTest" time="0.001"/>
  <testcase name="accept_SHOULD_success_WHEN_apply_deposit_withdraw_amounts" classname="fr.arolla.app.bank.AccountServiceTest" time="0.001"/>
  <testcase name="create_SHOULD_return_account_with_bank_number_WHEN_initial_amount_is_provided" classname="fr.arolla.app.bank.AccountServiceTest" time="0.001"/>
</testsuite>